<?xml version="1.0" encoding="UTF-8"?>
<!-- Generated by org.testng.reporters.JUnitReportReporter -->
<testsuite hostname="DESKTOP-AM4RQ03" failures="0" tests="3" name="com.SwagLabs.TestCases.InventoryPageTest" time="0.421" errors="0" timestamp="2024-01-01T17:59:25 IST" skipped="0">
  <testcase classname="com.SwagLabs.TestCases.InventoryPageTest" name="verifyProductCount" time="0.058"/>
  <system-out/>
  <testcase classname="com.SwagLabs.TestCases.InventoryPageTest" name="verifyProductName" time="0.134"/>
  <system-out/>
  <testcase classname="com.SwagLabs.TestCases.InventoryPageTest" name="verifyAddToCart" time="0.229"/>
  <system-out/>
</testsuite> <!-- com.SwagLabs.TestCases.InventoryPageTest -->
