<?xml version="1.0" encoding="UTF-8"?>
<!-- Generated by org.testng.reporters.JUnitReportReporter -->
<testsuite hostname="DESKTOP-AM4RQ03" failures="0" tests="2" name="com.SwagLabs.TestCases.CheckOutPageTest" time="2.514" errors="0" timestamp="2024-01-01T21:09:02 IST" skipped="0">
  <testcase classname="com.SwagLabs.TestCases.CheckOutPageTest" name="verifyCancel" time="2.132"/>
  <system-out/>
  <testcase classname="com.SwagLabs.TestCases.CheckOutPageTest" name="verifyCheckout" time="0.382"/>
  <system-out/>
</testsuite> <!-- com.SwagLabs.TestCases.CheckOutPageTest -->
