<?xml version="1.0" encoding="UTF-8"?>
<!-- Generated by org.testng.reporters.JUnitReportReporter -->
<testsuite hostname="DESKTOP-AM4RQ03" failures="0" tests="2" name="com.SwagLabs.TestCases.OverviewPageTest" time="0.493" errors="0" timestamp="2024-01-09T00:32:19 IST" skipped="0">
  <testcase classname="com.SwagLabs.TestCases.OverviewPageTest" name="verifySumarry" time="0.241"/>
  <system-out/>
  <testcase classname="com.SwagLabs.TestCases.OverviewPageTest" name="verifyOverview" time="0.252"/>
  <system-out/>
</testsuite> <!-- com.SwagLabs.TestCases.OverviewPageTest -->
